mode: set
github.com/mihailtudos/metrics/cmd/agent/main.go:3.14,3.15 0 0
github.com/mihailtudos/metrics/cmd/server/main.go:26.34,30.2 1 0
github.com/mihailtudos/metrics/cmd/server/main.go:34.13,41.61 5 0
github.com/mihailtudos/metrics/cmd/server/main.go:41.61,42.13 1 0
github.com/mihailtudos/metrics/cmd/server/main.go:46.60,49.21 3 0
github.com/mihailtudos/metrics/cmd/server/main.go:49.21,52.3 2 0
github.com/mihailtudos/metrics/cmd/server/main.go:54.2,54.50 1 0
github.com/mihailtudos/metrics/cmd/server/main.go:54.50,57.3 2 0
github.com/mihailtudos/metrics/cmd/server/main.go:59.2,59.20 1 0
github.com/mihailtudos/metrics/cmd/server/main.go:59.20,62.3 2 0
github.com/mihailtudos/metrics/cmd/server/main.go:64.2,69.25 2 0
github.com/mihailtudos/metrics/cmd/server/main.go:69.25,71.17 2 0
github.com/mihailtudos/metrics/cmd/server/main.go:71.17,74.4 2 0
github.com/mihailtudos/metrics/cmd/server/main.go:76.3,76.21 1 0
github.com/mihailtudos/metrics/cmd/server/main.go:79.2,79.27 1 0
github.com/mihailtudos/metrics/cmd/server/main.go:79.27,81.17 2 0
github.com/mihailtudos/metrics/cmd/server/main.go:81.17,84.4 2 0
github.com/mihailtudos/metrics/cmd/server/main.go:86.3,86.21 1 0
github.com/mihailtudos/metrics/cmd/server/main.go:89.2,89.37 1 0
